03/19/2021 09:45:05 PM Starting HTTP Server...

03/19/2021 09:45:17 PM POST request,
Path: /users/register
Headers:
Host: localhost:1188
Connection: keep-alive
Content-Length: 79
sec-ch-ua: "Google Chrome";v="89", "Chromium";v="89", ";Not A Brand";v="99"
Accept: application/json, text/plain, */*
sec-ch-ua-mobile: ?0
User-Agent: Mozilla/5.0 (Windows NT 10.0; Win64; x64) AppleWebKit/537.36 (KHTML, like Gecko) Chrome/89.0.4389.90 Safari/537.36
Content-Type: application/json
Origin: http://localhost:4200
Sec-Fetch-Site: same-site
Sec-Fetch-Mode: cors
Sec-Fetch-Dest: empty
Referer: http://localhost:4200/
Accept-Encoding: gzip, deflate, br
Accept-Language: de-DE,de;q=0.9,en-US;q=0.8,en;q=0.7



Body:
{"firstName":"jack","lastName":"d","username":"jackmann27","password":"123123"}

03/19/2021 09:45:38 PM POST request,
Path: /users/authenticate
Headers:
Host: localhost:1188
Connection: keep-alive
Content-Length: 45
sec-ch-ua: "Google Chrome";v="89", "Chromium";v="89", ";Not A Brand";v="99"
Accept: application/json, text/plain, */*
sec-ch-ua-mobile: ?0
User-Agent: Mozilla/5.0 (Windows NT 10.0; Win64; x64) AppleWebKit/537.36 (KHTML, like Gecko) Chrome/89.0.4389.90 Safari/537.36
Content-Type: application/json
Origin: http://localhost:4200
Sec-Fetch-Site: same-site
Sec-Fetch-Mode: cors
Sec-Fetch-Dest: empty
Referer: http://localhost:4200/
Accept-Encoding: gzip, deflate, br
Accept-Language: de-DE,de;q=0.9,en-US;q=0.8,en;q=0.7



Body:
{"username":"jackmann27","password":"123123"}

03/19/2021 09:55:29 PM POST request,
Path: /users/authenticate
Headers:
Host: localhost:1188
Connection: keep-alive
Content-Length: 45
sec-ch-ua: "Google Chrome";v="89", "Chromium";v="89", ";Not A Brand";v="99"
Accept: application/json, text/plain, */*
sec-ch-ua-mobile: ?0
User-Agent: Mozilla/5.0 (Windows NT 10.0; Win64; x64) AppleWebKit/537.36 (KHTML, like Gecko) Chrome/89.0.4389.90 Safari/537.36
Content-Type: application/json
Origin: http://localhost:4200
Sec-Fetch-Site: same-site
Sec-Fetch-Mode: cors
Sec-Fetch-Dest: empty
Referer: http://localhost:4200/
Accept-Encoding: gzip, deflate, br
Accept-Language: de-DE,de;q=0.9,en-US;q=0.8,en;q=0.7



Body:
{"username":"jackmann27","password":"123123"}

03/19/2021 10:02:23 PM POST request,
Path: /users/authenticate
Headers:
Host: localhost:1188
Connection: keep-alive
Content-Length: 45
sec-ch-ua: "Google Chrome";v="89", "Chromium";v="89", ";Not A Brand";v="99"
Accept: application/json, text/plain, */*
sec-ch-ua-mobile: ?0
User-Agent: Mozilla/5.0 (Windows NT 10.0; Win64; x64) AppleWebKit/537.36 (KHTML, like Gecko) Chrome/89.0.4389.90 Safari/537.36
Content-Type: application/json
Origin: http://localhost:4200
Sec-Fetch-Site: same-site
Sec-Fetch-Mode: cors
Sec-Fetch-Dest: empty
Referer: http://localhost:4200/
Accept-Encoding: gzip, deflate, br
Accept-Language: de-DE,de;q=0.9,en-US;q=0.8,en;q=0.7



Body:
{"username":"jackmann27","password":"123123"}

03/19/2021 10:05:40 PM POST request,
Path: /users/authenticate
Headers:
Host: localhost:1188
Connection: keep-alive
Content-Length: 45
sec-ch-ua: "Google Chrome";v="89", "Chromium";v="89", ";Not A Brand";v="99"
Accept: application/json, text/plain, */*
sec-ch-ua-mobile: ?0
User-Agent: Mozilla/5.0 (Windows NT 10.0; Win64; x64) AppleWebKit/537.36 (KHTML, like Gecko) Chrome/89.0.4389.90 Safari/537.36
Content-Type: application/json
Origin: http://localhost:4200
Sec-Fetch-Site: same-site
Sec-Fetch-Mode: cors
Sec-Fetch-Dest: empty
Referer: http://localhost:4200/
Accept-Encoding: gzip, deflate, br
Accept-Language: de-DE,de;q=0.9,en-US;q=0.8,en;q=0.7



Body:
{"username":"jackmann27","password":"123123"}

03/19/2021 10:07:24 PM POST request,
Path: /users/authenticate
Headers:
Host: localhost:1188
Connection: keep-alive
Content-Length: 45
sec-ch-ua: "Google Chrome";v="89", "Chromium";v="89", ";Not A Brand";v="99"
Accept: application/json, text/plain, */*
sec-ch-ua-mobile: ?0
User-Agent: Mozilla/5.0 (Windows NT 10.0; Win64; x64) AppleWebKit/537.36 (KHTML, like Gecko) Chrome/89.0.4389.90 Safari/537.36
Content-Type: application/json
Origin: http://localhost:4200
Sec-Fetch-Site: same-site
Sec-Fetch-Mode: cors
Sec-Fetch-Dest: empty
Referer: http://localhost:4200/
Accept-Encoding: gzip, deflate, br
Accept-Language: de-DE,de;q=0.9,en-US;q=0.8,en;q=0.7



Body:
{"username":"jackmann27","password":"123123"}

